<?xml version="1.0" encoding="UTF-8"?>
<!-- Generated by org.testng.reporters.JUnitReportReporter -->
<testsuite hostname="LAPTOP-EAAGB9S9" failures="0" tests="1" name="Adminrozana.Sortinghuborderrange" time="52.302" errors="0" timestamp="2024-11-03T13:09:13 IST" skipped="0">
  <testcase classname="Adminrozana.Sortinghuborderrange" name="sortinghuborderrange" time="52.302"/>
  <system-out/>
</testsuite> <!-- Adminrozana.Sortinghuborderrange -->
