<?xml version="1.0" encoding="UTF-8"?>
<!-- Generated by org.testng.reporters.JUnitReportReporter -->
<testsuite hostname="LAPTOP-EAAGB9S9" failures="0" tests="1" name="Adminrozana.Sortinghublogin" time="36.623" errors="0" timestamp="29 Jan 2024 16:04:49 GMT" skipped="0">
  <testcase classname="Adminrozana.Sortinghublogin" name="sortinghublogin" time="36.623"/>
</testsuite> <!-- Adminrozana.Sortinghublogin -->
