<?xml version="1.0" encoding="UTF-8"?>
<!-- Generated by org.testng.reporters.JUnitReportReporter -->
<testsuite hostname="LAPTOP-EAAGB9S9" failures="0" tests="1" name="Adminrozana.Managedistributors" time="72.173" errors="0" timestamp="2024-05-27T16:06:49 IST" skipped="0">
  <testcase classname="Adminrozana.Managedistributors" name="managedistributors" time="72.173"/>
  <system-out/>
</testsuite> <!-- Adminrozana.Managedistributors -->
