<?xml version="1.0" encoding="UTF-8"?>
<!-- Generated by org.testng.reporters.JUnitReportReporter -->
<testsuite hostname="LAPTOP-EAAGB9S9" failures="0" tests="1" name="Adminrozana.Peerpartnerlog" time="50.051" errors="0" timestamp="23 Feb 2024 14:06:39 GMT" skipped="0">
  <testcase classname="Adminrozana.Peerpartnerlog" name="orderedit" time="50.051"/>
</testsuite> <!-- Adminrozana.Peerpartnerlog -->
