<?xml version="1.0" encoding="UTF-8"?>
<!-- Generated by org.testng.reporters.JUnitReportReporter -->
<testsuite hostname="LAPTOP-EAAGB9S9" failures="0" tests="1" name="Adminrozana.Peercustomerlist" time="89.636" errors="0" timestamp="15 Feb 2024 16:59:01 GMT" skipped="0">
  <testcase classname="Adminrozana.Peercustomerlist" name="peerappdownloadsreports" time="89.636"/>
</testsuite> <!-- Adminrozana.Peercustomerlist -->
