<?xml version="1.0" encoding="UTF-8"?>
<!-- Generated by org.testng.reporters.JUnitReportReporter -->
<testsuite hostname="LAPTOP-EAAGB9S9" failures="0" tests="1" name="Adminrozana.PeerFochange" time="34.675" errors="0" timestamp="04 Feb 2024 16:27:59 GMT" skipped="0">
  <testcase classname="Adminrozana.PeerFochange" name="createPartner" time="34.675"/>
</testsuite> <!-- Adminrozana.PeerFochange -->
