<?xml version="1.0" encoding="UTF-8"?>
<!-- Generated by org.testng.reporters.JUnitReportReporter -->
<testsuite hostname="LAPTOP-EAAGB9S9" failures="0" tests="1" name="Adminrozana.CreatePartner" time="42.126" errors="0" timestamp="2024-02-26T17:21:10 IST" skipped="0">
  <testcase classname="Adminrozana.CreatePartner" name="createPartner" time="42.126"/>
  <system-out/>
</testsuite> <!-- Adminrozana.CreatePartner -->
