<?xml version="1.0" encoding="UTF-8"?>
<!-- Generated by org.testng.reporters.JUnitReportReporter -->
<testsuite hostname="LAPTOP-EAAGB9S9" failures="0" tests="1" name="Adminrozana.Productpricechange" time="56.480" errors="0" timestamp="23 Feb 2024 16:53:36 GMT" skipped="0">
  <testcase classname="Adminrozana.Productpricechange" name="payoutRequestsLogs" time="56.480"/>
</testsuite> <!-- Adminrozana.Productpricechange -->
