<?xml version="1.0" encoding="UTF-8"?>
<!-- Generated by org.testng.reporters.JUnitReportReporter -->
<testsuite hostname="LAPTOP-EAAGB9S9" failures="0" tests="1" name="Adminrozana.Areapincode" time="41.455" errors="0" timestamp="29 Jan 2024 05:19:12 GMT" skipped="0">
  <testcase classname="Adminrozana.Areapincode" name="areapincode" time="41.455"/>
</testsuite> <!-- Adminrozana.Areapincode -->
