<?xml version="1.0" encoding="UTF-8"?>
<!-- Generated by org.testng.reporters.JUnitReportReporter -->
<testsuite hostname="LAPTOP-EAAGB9S9" failures="0" tests="1" name="Adminrozana.Alternateaddressesrequest" time="33.218" errors="0" timestamp="18 Feb 2024 02:46:57 GMT" skipped="0">
  <testcase classname="Adminrozana.Alternateaddressesrequest" name="pushnotification" time="33.218"/>
</testsuite> <!-- Adminrozana.Alternateaddressesrequest -->
