<?xml version="1.0" encoding="UTF-8"?>
<!-- Generated by org.testng.reporters.JUnitReportReporter -->
<testsuite hostname="LAPTOP-EAAGB9S9" failures="0" tests="1" name="Adminrozana.Notifymeseen" time="41.519" errors="0" timestamp="20 Feb 2024 11:35:58 GMT" skipped="0">
  <testcase classname="Adminrozana.Notifymeseen" name="notifymeseen" time="41.519"/>
</testsuite> <!-- Adminrozana.Notifymeseen -->
