<?xml version="1.0" encoding="UTF-8"?>
<!-- Generated by org.testng.reporters.JUnitReportReporter -->
<testsuite hostname="LAPTOP-EAAGB9S9" failures="0" tests="1" name="Adminrozana.Category" time="39.419" errors="0" timestamp="23 Jan 2024 12:38:54 GMT" skipped="0">
  <testcase classname="Adminrozana.Category" name="dashboard" time="39.419"/>
</testsuite> <!-- Adminrozana.Category -->
