<?xml version="1.0" encoding="UTF-8"?>
<!-- Generated by org.testng.reporters.JUnitReportReporter -->
<testsuite hostname="LAPTOP-EAAGB9S9" failures="0" tests="1" name="Adminrozana.Attributeedit" time="45.310" errors="0" timestamp="23 Jan 2024 13:17:48 GMT" skipped="0">
  <testcase classname="Adminrozana.Attributeedit" name="dashboard" time="45.310"/>
</testsuite> <!-- Adminrozana.Attributeedit -->
