<?xml version="1.0" encoding="UTF-8"?>
<!-- Generated by org.testng.reporters.JUnitReportReporter -->
<testsuite hostname="LAPTOP-EAAGB9S9" failures="0" tests="1" name="Adminrozana.Clusterwisestaffupload" time="42.898" errors="0" timestamp="2024-08-29T15:27:40 IST" skipped="0">
  <testcase classname="Adminrozana.Clusterwisestaffupload" name="clusterwisestaffupload" time="42.898"/>
  <system-out/>
</testsuite> <!-- Adminrozana.Clusterwisestaffupload -->
