<?xml version="1.0" encoding="UTF-8"?>
<!-- Generated by org.testng.reporters.JUnitReportReporter -->
<testsuite hostname="LAPTOP-EAAGB9S9" failures="0" tests="1" name="Adminrozana.Dashboard" time="49.646" errors="0" timestamp="2024-08-29T13:51:36 IST" skipped="0">
  <testcase classname="Adminrozana.Dashboard" name="dashboard" time="49.646"/>
  <system-out/>
</testsuite> <!-- Adminrozana.Dashboard -->
