<?xml version="1.0" encoding="UTF-8"?>
<!-- Generated by org.testng.reporters.JUnitReportReporter -->
<testsuite hostname="LAPTOP-EAAGB9S9" failures="0" tests="1" name="Adminrozana.Searchkey" time="31.389" errors="0" timestamp="13 Feb 2024 08:28:54 GMT" skipped="0">
  <testcase classname="Adminrozana.Searchkey" name="searchkey" time="31.389"/>
</testsuite> <!-- Adminrozana.Searchkey -->
