<?xml version="1.0" encoding="UTF-8"?>
<!-- Generated by org.testng.reporters.JUnitReportReporter -->
<testsuite hostname="LAPTOP-EAAGB9S9" failures="0" tests="1" name="Adminrozana.Citiesedit" time="36.826" errors="0" timestamp="26 Jan 2024 17:25:00 GMT" skipped="0">
  <testcase classname="Adminrozana.Citiesedit" name="citiesedit" time="36.826"/>
</testsuite> <!-- Adminrozana.Citiesedit -->
