<?xml version="1.0" encoding="UTF-8"?>
<!-- Generated by org.testng.reporters.JUnitReportReporter -->
<testsuite hostname="LAPTOP-EAAGB9S9" failures="0" tests="1" name="Adminrozana.Pushnotification" time="188.511" errors="0" timestamp="20 Feb 2024 08:18:59 GMT" skipped="0">
  <testcase classname="Adminrozana.Pushnotification" name="pushnotification" time="188.511"/>
</testsuite> <!-- Adminrozana.Pushnotification -->
