<?xml version="1.0" encoding="UTF-8"?>
<!-- Generated by org.testng.reporters.JUnitReportReporter -->
<testsuite hostname="LAPTOP-EAAGB9S9" failures="0" tests="1" name="Adminrozana.CreateFootweatPeerPartner" time="35.176" errors="0" timestamp="04 Feb 2024 04:12:17 GMT" skipped="0">
  <testcase classname="Adminrozana.CreateFootweatPeerPartner" name="createPartner" time="35.176"/>
</testsuite> <!-- Adminrozana.CreateFootweatPeerPartner -->
