<?xml version="1.0" encoding="UTF-8"?>
<!-- Generated by org.testng.reporters.JUnitReportReporter -->
<testsuite hostname="LAPTOP-EAAGB9S9" failures="0" tests="1" name="Adminrozana.CreateSubAdminUsersPOS" time="48.898" errors="0" timestamp="2025-01-13T09:38:16 IST" skipped="0">
  <testcase classname="Adminrozana.CreateSubAdminUsersPOS" name="createSubAdminUsersPOS" time="48.898"/>
  <system-out/>
</testsuite> <!-- Adminrozana.CreateSubAdminUsersPOS -->
