<?xml version="1.0" encoding="UTF-8"?>
<!-- Generated by org.testng.reporters.JUnitReportReporter -->
<testsuite hostname="LAPTOP-EAAGB9S9" failures="0" tests="1" name="Adminrozana.Expressuserlist" time="113.685" errors="0" timestamp="2024-11-20T13:47:04 IST" skipped="0">
  <testcase classname="Adminrozana.Expressuserlist" name="stockreport" time="113.685"/>
  <system-out/>
</testsuite> <!-- Adminrozana.Expressuserlist -->
