<?xml version="1.0" encoding="UTF-8"?>
<!-- Generated by org.testng.reporters.JUnitReportReporter -->
<testsuite hostname="LAPTOP-EAAGB9S9" failures="0" tests="1" name="Adminrozana.Brand" time="36.746" errors="0" timestamp="23 Jan 2024 11:57:35 GMT" skipped="0">
  <testcase classname="Adminrozana.Brand" name="dashboard" time="36.746"/>
</testsuite> <!-- Adminrozana.Brand -->
