<?xml version="1.0" encoding="UTF-8"?>
<!-- Generated by org.testng.reporters.JUnitReportReporter -->
<testsuite hostname="LAPTOP-EAAGB9S9" failures="0" tests="1" name="Adminrozana.Staffpermissions" time="41.135" errors="0" timestamp="17 Feb 2024 11:12:54 GMT" skipped="0">
  <testcase classname="Adminrozana.Staffpermissions" name="staffdelete" time="41.135"/>
</testsuite> <!-- Adminrozana.Staffpermissions -->
