<?xml version="1.0" encoding="UTF-8"?>
<!-- Generated by org.testng.reporters.JUnitReportReporter -->
<testsuite hostname="LAPTOP-EAAGB9S9" failures="0" tests="1" name="Adminrozana.Postshipsyorders" time="73.960" errors="0" timestamp="10 Feb 2024 12:03:56 GMT" skipped="0">
  <testcase classname="Adminrozana.Postshipsyorders" name="postshipsyorders" time="73.960"/>
</testsuite> <!-- Adminrozana.Postshipsyorders -->
