<?xml version="1.0" encoding="UTF-8"?>
<!-- Generated by org.testng.reporters.JUnitReportReporter -->
<testsuite hostname="LAPTOP-EAAGB9S9" failures="0" tests="1" name="Adminrozana.Clusterwiseorderreport" time="151.056" errors="0" timestamp="2024-09-14T19:17:08 IST" skipped="0">
  <testcase classname="Adminrozana.Clusterwiseorderreport" name="clusterwiseorderreport" time="151.056"/>
  <system-out/>
</testsuite> <!-- Adminrozana.Clusterwiseorderreport -->
