<?xml version="1.0" encoding="UTF-8"?>
<!-- Generated by org.testng.reporters.JUnitReportReporter -->
<testsuite hostname="LAPTOP-EAAGB9S9" failures="0" tests="1" name="Adminrozana.Logsreports" time="23.128" errors="0" timestamp="15 Feb 2024 10:12:49 GMT" skipped="0">
  <testcase classname="Adminrozana.Logsreports" name="logsreports" time="23.128"/>
</testsuite> <!-- Adminrozana.Logsreports -->
