<?xml version="1.0" encoding="UTF-8"?>
<!-- Generated by org.testng.reporters.JUnitReportReporter -->
<testsuite hostname="LAPTOP-EAAGB9S9" failures="0" tests="1" name="Adminrozana.Ordercancelledbycustomer" time="58.676" errors="0" timestamp="23 Feb 2024 13:55:45 GMT" skipped="0">
  <testcase classname="Adminrozana.Ordercancelledbycustomer" name="ordercancelledbycustomer" time="58.676"/>
</testsuite> <!-- Adminrozana.Ordercancelledbycustomer -->
