<?xml version="1.0" encoding="UTF-8"?>
<!-- Generated by org.testng.reporters.JUnitReportReporter -->
<testsuite hostname="LAPTOP-EAAGB9S9" failures="0" tests="1" name="Adminrozana.Subcategoryedit" time="36.584" errors="0" timestamp="23 Jan 2024 13:00:48 GMT" skipped="0">
  <testcase classname="Adminrozana.Subcategoryedit" name="dashboard" time="36.584"/>
</testsuite> <!-- Adminrozana.Subcategoryedit -->
