<?xml version="1.0" encoding="UTF-8"?>
<!-- Generated by org.testng.reporters.JUnitReportReporter -->
<testsuite hostname="LAPTOP-EAAGB9S9" failures="0" tests="1" name="Adminrozana.Products" time="29.462" errors="0" timestamp="23 Jan 2024 11:53:30 GMT" skipped="0">
  <testcase classname="Adminrozana.Products" name="dashboard" time="29.462"/>
</testsuite> <!-- Adminrozana.Products -->
