<?xml version="1.0" encoding="UTF-8"?>
<!-- Generated by org.testng.reporters.JUnitReportReporter -->
<testsuite hostname="LAPTOP-EAAGB9S9" failures="0" tests="1" name="Adminrozana.Staffdelete" time="51.690" errors="0" timestamp="17 Feb 2024 10:16:03 GMT" skipped="0">
  <testcase classname="Adminrozana.Staffdelete" name="createsubadminusers" time="51.690"/>
</testsuite> <!-- Adminrozana.Staffdelete -->
