<?xml version="1.0" encoding="UTF-8"?>
<!-- Generated by org.testng.reporters.JUnitReportReporter -->
<testsuite hostname="LAPTOP-EAAGB9S9" failures="0" tests="1" name="Adminrozana.PeerpartnerUploadKYCDcoument" time="45.812" errors="0" timestamp="02 Feb 2024 13:24:26 GMT" skipped="0">
  <testcase classname="Adminrozana.PeerpartnerUploadKYCDcoument" name="peerpartnerUploadKYCDcoument" time="45.812"/>
</testsuite> <!-- Adminrozana.PeerpartnerUploadKYCDcoument -->
