<?xml version="1.0" encoding="UTF-8"?>
<!-- Generated by org.testng.reporters.JUnitReportReporter -->
<testsuite hostname="LAPTOP-EAAGB9S9" failures="0" tests="1" name="Adminrozana.Peerpartneredit" time="44.546" errors="0" timestamp="02 Feb 2024 06:51:47 GMT" skipped="0">
  <testcase classname="Adminrozana.Peerpartneredit" name="peerpartneredit" time="44.546"/>
</testsuite> <!-- Adminrozana.Peerpartneredit -->
