<?xml version="1.0" encoding="UTF-8"?>
<!-- Generated by org.testng.reporters.JUnitReportReporter -->
<testsuite hostname="LAPTOP-EAAGB9S9" failures="0" tests="1" name="Adminrozana.Areapincodeedit" time="27.891" errors="0" timestamp="27 Jan 2024 19:20:58 GMT" skipped="0">
  <testcase classname="Adminrozana.Areapincodeedit" name="areapincode" time="27.891"/>
</testsuite> <!-- Adminrozana.Areapincodeedit -->
