<?xml version="1.0" encoding="UTF-8"?>
<!-- Generated by org.testng.reporters.JUnitReportReporter -->
<testsuite hostname="LAPTOP-EAAGB9S9" failures="0" tests="1" name="Adminrozana.Productsinfo" time="44.836" errors="0" timestamp="09 Feb 2024 10:09:23 GMT" skipped="0">
  <testcase classname="Adminrozana.Productsinfo" name="ProductsInfo" time="44.836"/>
</testsuite> <!-- Adminrozana.Productsinfo -->
