<?xml version="1.0" encoding="UTF-8"?>
<!-- Generated by org.testng.reporters.JUnitReportReporter -->
<testsuite hostname="LAPTOP-EAAGB9S9" failures="0" tests="1" name="Adminrozana.Stockreport" time="40.821" errors="0" timestamp="2024-09-20T08:10:09 IST" skipped="0">
  <testcase classname="Adminrozana.Stockreport" name="stockreport" time="40.821"/>
  <system-out/>
</testsuite> <!-- Adminrozana.Stockreport -->
