<?xml version="1.0" encoding="UTF-8"?>
<!-- Generated by org.testng.reporters.JUnitReportReporter -->
<testsuite hostname="LAPTOP-EAAGB9S9" failures="0" tests="1" name="Adminrozana.Customerhelpdesk" time="76.679" errors="0" timestamp="20 Feb 2024 08:37:47 GMT" skipped="0">
  <testcase classname="Adminrozana.Customerhelpdesk" name="customerhelpdesk" time="76.679"/>
</testsuite> <!-- Adminrozana.Customerhelpdesk -->
