<?xml version="1.0" encoding="UTF-8"?>
<!-- Generated by org.testng.reporters.JUnitReportReporter -->
<testsuite hostname="LAPTOP-EAAGB9S9" failures="0" tests="1" name="Adminrozana.Fieldofficersuggestions" time="36.668" errors="0" timestamp="20 Feb 2024 11:19:40 GMT" skipped="0">
  <testcase classname="Adminrozana.Fieldofficersuggestions" name="callmeback1" time="36.668"/>
</testsuite> <!-- Adminrozana.Fieldofficersuggestions -->
