<?xml version="1.0" encoding="UTF-8"?>
<!-- Generated by org.testng.reporters.JUnitReportReporter -->
<testsuite hostname="LAPTOP-EAAGB9S9" failures="0" tests="1" name="Adminrozana.CommunityVolunteer" time="58.827" errors="0" timestamp="2024-12-25T19:22:30 IST" skipped="0">
  <testcase classname="Adminrozana.CommunityVolunteer" name="communityVolunteer" time="58.827"/>
  <system-out/>
</testsuite> <!-- Adminrozana.CommunityVolunteer -->
