<?xml version="1.0" encoding="UTF-8"?>
<!-- Generated by org.testng.reporters.JUnitReportReporter -->
<testsuite hostname="LAPTOP-EAAGB9S9" failures="0" tests="1" name="Adminrozana.PayoutRequestsLogs" time="53.929" errors="0" timestamp="23 Feb 2024 17:26:19 GMT" skipped="0">
  <testcase classname="Adminrozana.PayoutRequestsLogs" name="payoutRequestsLogs" time="53.929"/>
</testsuite> <!-- Adminrozana.PayoutRequestsLogs -->
