<?xml version="1.0" encoding="UTF-8"?>
<!-- Generated by org.testng.reporters.JUnitReportReporter -->
<testsuite hostname="LAPTOP-EAAGB9S9" failures="0" tests="1" name="Adminrozana.archivedorders" time="60.515" errors="0" timestamp="10 Feb 2024 07:49:23 GMT" skipped="0">
  <testcase classname="Adminrozana.archivedorders" name="postshipsyorders" time="60.515"/>
</testsuite> <!-- Adminrozana.archivedorders -->
