<?xml version="1.0" encoding="UTF-8"?>
<!-- Generated by org.testng.reporters.JUnitReportReporter -->
<testsuite hostname="LAPTOP-EAAGB9S9" failures="0" tests="1" name="Adminrozana.Peerpartnerorderrange" time="35.468" errors="0" timestamp="03 Feb 2024 15:34:41 GMT" skipped="0">
  <testcase classname="Adminrozana.Peerpartnerorderrange" name="peerpartnerRemarks" time="35.468"/>
</testsuite> <!-- Adminrozana.Peerpartnerorderrange -->
