<?xml version="1.0" encoding="UTF-8"?>
<!-- Generated by org.testng.reporters.JUnitReportReporter -->
<testsuite hostname="LAPTOP-EAAGB9S9" failures="0" tests="1" name="Adminrozana.Callcenterorderreports" time="75.505" errors="0" timestamp="2024-11-19T15:56:11 IST" skipped="0">
  <testcase classname="Adminrozana.Callcenterorderreports" name="callcenterorderreports" time="75.505"/>
  <system-out/>
</testsuite> <!-- Adminrozana.Callcenterorderreports -->
