<?xml version="1.0" encoding="UTF-8"?>
<!-- Generated by org.testng.reporters.JUnitReportReporter -->
<testsuite hostname="LAPTOP-EAAGB9S9" failures="0" tests="1" name="Adminrozana.Footwareorders" time="61.270" errors="0" timestamp="2024-11-19T15:42:06 IST" skipped="0">
  <testcase classname="Adminrozana.Footwareorders" name="footwareorders" time="61.270"/>
  <system-out/>
</testsuite> <!-- Adminrozana.Footwareorders -->
