<?xml version="1.0" encoding="UTF-8"?>
<!-- Generated by org.testng.reporters.JUnitReportReporter -->
<testsuite hostname="LAPTOP-EAAGB9S9" failures="0" tests="1" name="Adminrozana.SKUdata" time="47.448" errors="0" timestamp="2024-11-19T14:25:22 IST" skipped="0">
  <testcase classname="Adminrozana.SKUdata" name="skudata" time="47.448"/>
  <system-out/>
</testsuite> <!-- Adminrozana.SKUdata -->
