<?xml version="1.0" encoding="UTF-8"?>
<!-- Generated by org.testng.reporters.JUnitReportReporter -->
<testsuite hostname="LAPTOP-EAAGB9S9" failures="0" tests="1" name="Adminrozana.EditCommunityVolunteer" time="51.422" errors="0" timestamp="2024-12-25T20:04:46 IST" skipped="0">
  <testcase classname="Adminrozana.EditCommunityVolunteer" name="editCommunityVolunteer" time="51.422"/>
  <system-out/>
</testsuite> <!-- Adminrozana.EditCommunityVolunteer -->
