<?xml version="1.0" encoding="UTF-8"?>
<!-- Generated by org.testng.reporters.JUnitReportReporter -->
<testsuite hostname="LAPTOP-EAAGB9S9" failures="0" tests="1" name="Adminrozana.Saledata" time="51.381" errors="0" timestamp="2024-11-19T14:27:19 IST" skipped="0">
  <testcase classname="Adminrozana.Saledata" name="saledata" time="51.381"/>
  <system-out/>
</testsuite> <!-- Adminrozana.Saledata -->
