<?xml version="1.0" encoding="UTF-8"?>
<!-- Generated by org.testng.reporters.JUnitReportReporter -->
<testsuite hostname="LAPTOP-EAAGB9S9" failures="0" tests="1" name="Adminrozana.Peerpartnerkycadharorpan" time="85.978" errors="0" timestamp="23 Feb 2024 14:31:02 GMT" skipped="0">
  <testcase classname="Adminrozana.Peerpartnerkycadharorpan" name="peerpartnerkycadharorpan" time="85.978"/>
</testsuite> <!-- Adminrozana.Peerpartnerkycadharorpan -->
