<?xml version="1.0" encoding="UTF-8"?>
<!-- Generated by org.testng.reporters.JUnitReportReporter -->
<testsuite hostname="LAPTOP-EAAGB9S9" failures="0" tests="1" name="Adminrozana.Peerappdownloadsreports" time="45.936" errors="0" timestamp="15 Feb 2024 14:19:22 GMT" skipped="0">
  <testcase classname="Adminrozana.Peerappdownloadsreports" name="peerappdownloadsreports" time="45.936"/>
</testsuite> <!-- Adminrozana.Peerappdownloadsreports -->
