<?xml version="1.0" encoding="UTF-8"?>
<!-- Generated by org.testng.reporters.JUnitReportReporter -->
<testsuite hostname="LAPTOP-EAAGB9S9" failures="0" tests="1" name="Adminrozana.AdminLogs" time="53.316" errors="0" timestamp="23 Feb 2024 16:02:41 GMT" skipped="0">
  <testcase classname="Adminrozana.AdminLogs" name="adminLogs" time="53.316"/>
</testsuite> <!-- Adminrozana.AdminLogs -->
