<?xml version="1.0" encoding="UTF-8"?>
<!-- Generated by org.testng.reporters.JUnitReportReporter -->
<testsuite hostname="LAPTOP-EAAGB9S9" failures="0" tests="1" name="Adminrozana.Peerpartnerview" time="42.723" errors="0" timestamp="02 Feb 2024 04:59:18 GMT" skipped="0">
  <testcase classname="Adminrozana.Peerpartnerview" name="peerpartnerview" time="42.723"/>
</testsuite> <!-- Adminrozana.Peerpartnerview -->
