<?xml version="1.0" encoding="UTF-8"?>
<!-- Generated by org.testng.reporters.JUnitReportReporter -->
<testsuite hostname="LAPTOP-EAAGB9S9" failures="0" tests="1" name="Adminrozana.Bulkstockoneinvoice" time="39.117" errors="0" timestamp="15 Feb 2024 11:27:25 GMT" skipped="0">
  <testcase classname="Adminrozana.Bulkstockoneinvoice" name="bulkstockoneinvoice" time="39.117"/>
</testsuite> <!-- Adminrozana.Bulkstockoneinvoice -->
