<?xml version="1.0" encoding="UTF-8"?>
<!-- Generated by org.testng.reporters.JUnitReportReporter -->
<testsuite hostname="LAPTOP-EAAGB9S9" failures="0" tests="1" name="Adminrozana.DownloadDeviceReport" time="57.035" errors="0" timestamp="23 Feb 2024 17:15:06 GMT" skipped="0">
  <testcase classname="Adminrozana.DownloadDeviceReport" name="productstockchange" time="57.035"/>
</testsuite> <!-- Adminrozana.DownloadDeviceReport -->
