<?xml version="1.0" encoding="UTF-8"?>
<!-- Generated by org.testng.reporters.JUnitReportReporter -->
<testsuite hostname="LAPTOP-EAAGB9S9" failures="0" tests="1" name="Adminrozana.Inventorymodule" time="34.137" errors="0" timestamp="20 Feb 2024 11:43:12 GMT" skipped="0">
  <testcase classname="Adminrozana.Inventorymodule" name="notifymeseen" time="34.137"/>
</testsuite> <!-- Adminrozana.Inventorymodule -->
