<?xml version="1.0" encoding="UTF-8"?>
<!-- Generated by org.testng.reporters.JUnitReportReporter -->
<testsuite hostname="LAPTOP-EAAGB9S9" failures="0" tests="1" name="Adminrozana.Bulkexport" time="29.003" errors="0" timestamp="23 Jan 2024 15:13:44 GMT" skipped="0">
  <testcase classname="Adminrozana.Bulkexport" name="dashboard" time="29.003"/>
</testsuite> <!-- Adminrozana.Bulkexport -->
