<?xml version="1.0" encoding="UTF-8"?>
<!-- Generated by org.testng.reporters.JUnitReportReporter -->
<testsuite hostname="LAPTOP-EAAGB9S9" failures="0" tests="1" name="Adminrozana.AutomateReports" time="180.231" errors="0" timestamp="2025-01-13T07:54:27 IST" skipped="0">
  <testcase classname="Adminrozana.AutomateReports" name="automateReports" time="180.231"/>
  <system-out/>
</testsuite> <!-- Adminrozana.AutomateReports -->
