<?xml version="1.0" encoding="UTF-8"?>
<!-- Generated by org.testng.reporters.JUnitReportReporter -->
<testsuite hostname="LAPTOP-EAAGB9S9" failures="0" tests="1" name="Adminrozana.PayoutRequests" time="24.613" errors="0" timestamp="04 Feb 2024 10:01:27 GMT" skipped="0">
  <testcase classname="Adminrozana.PayoutRequests" name="createPartner" time="24.613"/>
</testsuite> <!-- Adminrozana.PayoutRequests -->
