<?xml version="1.0" encoding="UTF-8"?>
<!-- Generated by org.testng.reporters.JUnitReportReporter -->
<testsuite hostname="LAPTOP-EAAGB9S9" failures="0" tests="1" name="Adminrozana.Notification" time="24.952" errors="0" timestamp="23 Jan 2024 11:50:29 GMT" skipped="0">
  <testcase classname="Adminrozana.Notification" name="dashboard" time="24.952"/>
</testsuite> <!-- Adminrozana.Notification -->
