<?xml version="1.0" encoding="UTF-8"?>
<!-- Generated by org.testng.reporters.JUnitReportReporter -->
<testsuite hostname="LAPTOP-EAAGB9S9" failures="0" tests="1" name="Adminrozana.Addedproductapprove" time="38.832" errors="0" timestamp="30 Jan 2024 10:54:38 GMT" skipped="0">
  <testcase classname="Adminrozana.Addedproductapprove" name="addedproductapprove" time="38.832"/>
</testsuite> <!-- Adminrozana.Addedproductapprove -->
