<?xml version="1.0" encoding="UTF-8"?>
<!-- Generated by org.testng.reporters.JUnitReportReporter -->
<testsuite hostname="LAPTOP-EAAGB9S9" failures="0" tests="1" name="Adminrozana.Availablestocks" time="43.309" errors="0" timestamp="2024-09-20T08:35:23 IST" skipped="0">
  <testcase classname="Adminrozana.Availablestocks" name="stockreport" time="43.309"/>
  <system-out/>
</testsuite> <!-- Adminrozana.Availablestocks -->
