<?xml version="1.0" encoding="UTF-8"?>
<!-- Generated by org.testng.reporters.JUnitReportReporter -->
<testsuite hostname="LAPTOP-EAAGB9S9" failures="0" tests="1" name="Adminrozana.Managepeerpartneraction" time="56.733" errors="0" timestamp="04 Feb 2024 12:52:05 GMT" skipped="0">
  <testcase classname="Adminrozana.Managepeerpartneraction" name="managepeerpartneraction" time="56.733"/>
</testsuite> <!-- Adminrozana.Managepeerpartneraction -->
