<?xml version="1.0" encoding="UTF-8"?>
<!-- Generated by org.testng.reporters.JUnitReportReporter -->
<testsuite hostname="LAPTOP-EAAGB9S9" failures="0" tests="1" name="Adminrozana.Inhousesalereport" time="50.092" errors="0" timestamp="2024-11-19T14:21:29 IST" skipped="0">
  <testcase classname="Adminrozana.Inhousesalereport" name="inhousesalereport" time="50.092"/>
  <system-out/>
</testsuite> <!-- Adminrozana.Inhousesalereport -->
