<?xml version="1.0" encoding="UTF-8"?>
<!-- Generated by org.testng.reporters.JUnitReportReporter -->
<testsuite hostname="LAPTOP-EAAGB9S9" failures="0" tests="1" name="Adminrozana.Createsubadminusereditpos" time="67.441" errors="0" timestamp="2025-01-13T15:58:49 IST" skipped="0">
  <testcase classname="Adminrozana.Createsubadminusereditpos" name="createsubadminusereditpos" time="67.441"/>
  <system-out/>
</testsuite> <!-- Adminrozana.Createsubadminusereditpos -->
