<?xml version="1.0" encoding="UTF-8"?>
<!-- Generated by org.testng.reporters.JUnitReportReporter -->
<testsuite hostname="LAPTOP-EAAGB9S9" failures="0" tests="1" name="Adminrozana.Loginandlogout$LoginAndLogout" time="26.309" errors="0" timestamp="23 Jan 2024 11:28:24 GMT" skipped="0">
  <testcase classname="Adminrozana.Loginandlogout$LoginAndLogout" name="loginandlogout" time="26.309"/>
</testsuite> <!-- Adminrozana.Loginandlogout$LoginAndLogout -->
