<?xml version="1.0" encoding="UTF-8"?>
<!-- Generated by org.testng.reporters.JUnitReportReporter -->
<testsuite hostname="LAPTOP-EAAGB9S9" failures="0" tests="1" name="Adminrozana.Sendbulkorderstostockone" time="46.291" errors="0" timestamp="09 Feb 2024 11:10:01 GMT" skipped="0">
  <testcase classname="Adminrozana.Sendbulkorderstostockone" name="tobeapproved" time="46.291"/>
</testsuite> <!-- Adminrozana.Sendbulkorderstostockone -->
