<?xml version="1.0" encoding="UTF-8"?>
<!-- Generated by org.testng.reporters.JUnitReportReporter -->
<testsuite hostname="LAPTOP-EAAGB9S9" failures="0" tests="1" name="Adminrozana.Cities" time="38.380" errors="0" timestamp="27 Jan 2024 02:46:00 GMT" skipped="0">
  <testcase classname="Adminrozana.Cities" name="cities" time="38.380"/>
</testsuite> <!-- Adminrozana.Cities -->
