<?xml version="1.0" encoding="UTF-8"?>
<!-- Generated by org.testng.reporters.JUnitReportReporter -->
<testsuite hostname="LAPTOP-EAAGB9S9" failures="0" tests="1" name="Adminrozana.Customreferralcodechange" time="48.426" errors="0" timestamp="23 Feb 2024 15:18:02 GMT" skipped="0">
  <testcase classname="Adminrozana.Customreferralcodechange" name="customreferralcodechange" time="48.426"/>
</testsuite> <!-- Adminrozana.Customreferralcodechange -->
