<?xml version="1.0" encoding="UTF-8"?>
<!-- Generated by org.testng.reporters.JUnitReportReporter -->
<testsuite hostname="LAPTOP-EAAGB9S9" failures="0" tests="1" name="Adminrozana.Multicategorymapping" time="35.775" errors="0" timestamp="24 Jan 2024 11:29:30 GMT" skipped="0">
  <testcase classname="Adminrozana.Multicategorymapping" name="Multicategorymapping" time="35.775"/>
</testsuite> <!-- Adminrozana.Multicategorymapping -->
