<?xml version="1.0" encoding="UTF-8"?>
<!-- Generated by org.testng.reporters.JUnitReportReporter -->
<testsuite hostname="LAPTOP-EAAGB9S9" failures="0" tests="1" name="Adminrozana.tobeapproved" time="27.900" errors="0" timestamp="09 Feb 2024 10:16:50 GMT" skipped="0">
  <testcase classname="Adminrozana.tobeapproved" name="ProductsInfo" time="27.900"/>
</testsuite> <!-- Adminrozana.tobeapproved -->
