<?xml version="1.0" encoding="UTF-8"?>
<!-- Generated by org.testng.reporters.JUnitReportReporter -->
<testsuite hostname="LAPTOP-EAAGB9S9" failures="0" tests="1" name="Adminrozana.Stockoneinvoice" time="138.243" errors="0" timestamp="2024-06-26T17:30:00 IST" skipped="0">
  <testcase classname="Adminrozana.Stockoneinvoice" name="stockoneinvoice" time="138.243"/>
  <system-out/>
</testsuite> <!-- Adminrozana.Stockoneinvoice -->
