<?xml version="1.0" encoding="UTF-8"?>
<!-- Generated by org.testng.reporters.JUnitReportReporter -->
<testsuite hostname="LAPTOP-EAAGB9S9" failures="0" tests="1" name="Adminrozana.Uploadmedia" time="47.837" errors="0" timestamp="24 Jan 2024 08:19:19 GMT" skipped="0">
  <testcase classname="Adminrozana.Uploadmedia" name="uploadmedia" time="47.837"/>
</testsuite> <!-- Adminrozana.Uploadmedia -->
