<?xml version="1.0" encoding="UTF-8"?>
<!-- Generated by org.testng.reporters.JUnitReportReporter -->
<testsuite hostname="LAPTOP-EAAGB9S9" failures="0" tests="1" name="Adminrozana.GRNStockone" time="28.979" errors="0" timestamp="2024-09-15T13:25:55 IST" skipped="0">
  <testcase classname="Adminrozana.GRNStockone" name="manageOrders" time="28.979"/>
  <system-out/>
</testsuite> <!-- Adminrozana.GRNStockone -->
