<?xml version="1.0" encoding="UTF-8"?>
<!-- Generated by org.testng.reporters.JUnitReportReporter -->
<testsuite hostname="LAPTOP-EAAGB9S9" failures="0" tests="1" name="Adminrozana.Orderedit" time="52.651" errors="0" timestamp="23 Feb 2024 13:54:13 GMT" skipped="0">
  <testcase classname="Adminrozana.Orderedit" name="orderedit" time="52.651"/>
</testsuite> <!-- Adminrozana.Orderedit -->
