<?xml version="1.0" encoding="UTF-8"?>
<!-- Generated by org.testng.reporters.JUnitReportReporter -->
<testsuite hostname="LAPTOP-EAAGB9S9" failures="0" tests="1" name="Adminrozana.Blockedit" time="40.279" errors="0" timestamp="27 Jan 2024 15:55:08 GMT" skipped="0">
  <testcase classname="Adminrozana.Blockedit" name="blockedit" time="40.279"/>
</testsuite> <!-- Adminrozana.Blockedit -->
