<?xml version="1.0" encoding="UTF-8"?>
<!-- Generated by org.testng.reporters.JUnitReportReporter -->
<testsuite hostname="LAPTOP-EAAGB9S9" failures="0" tests="1" name="Adminrozana.Subcategory" time="38.810" errors="0" timestamp="23 Jan 2024 12:57:27 GMT" skipped="0">
  <testcase classname="Adminrozana.Subcategory" name="dashboard" time="38.810"/>
</testsuite> <!-- Adminrozana.Subcategory -->
