<?xml version="1.0" encoding="UTF-8"?>
<!-- Generated by org.testng.reporters.JUnitReportReporter -->
<testsuite hostname="LAPTOP-EAAGB9S9" failures="0" tests="1" name="Adminrozana.Brandedit" time="36.168" errors="0" timestamp="23 Jan 2024 12:39:46 GMT" skipped="0">
  <testcase classname="Adminrozana.Brandedit" name="dashboard" time="36.168"/>
</testsuite> <!-- Adminrozana.Brandedit -->
