<?xml version="1.0" encoding="UTF-8"?>
<!-- Generated by org.testng.reporters.JUnitReportReporter -->
<testsuite hostname="LAPTOP-EAAGB9S9" failures="0" tests="1" name="Adminrozana.Editsuppliermaster" time="113.734" errors="0" timestamp="03 Feb 2024 14:54:43 GMT" skipped="0">
  <testcase classname="Adminrozana.Editsuppliermaster" name="editsuppliermaster" time="113.734"/>
</testsuite> <!-- Adminrozana.Editsuppliermaster -->
