<?xml version="1.0" encoding="UTF-8"?>
<!-- Generated by org.testng.reporters.JUnitReportReporter -->
<testsuite hostname="LAPTOP-EAAGB9S9" failures="0" tests="1" name="Adminrozana.Poslogin" time="11.712" errors="0" timestamp="2025-01-16T13:31:23 IST" skipped="0">
  <testcase classname="Adminrozana.Poslogin" name="createsubadminusereditpos" time="11.712"/>
  <system-out/>
</testsuite> <!-- Adminrozana.Poslogin -->
