<?xml version="1.0" encoding="UTF-8"?>
<!-- Generated by org.testng.reporters.JUnitReportReporter -->
<testsuite hostname="LAPTOP-EAAGB9S9" failures="0" tests="1" name="Adminrozana.Blockwisepeerreports" time="143.552" errors="0" timestamp="15 Feb 2024 15:30:55 GMT" skipped="0">
  <testcase classname="Adminrozana.Blockwisepeerreports" name="callcenterorderreports" time="143.552"/>
</testsuite> <!-- Adminrozana.Blockwisepeerreports -->
