<?xml version="1.0" encoding="UTF-8"?>
<!-- Generated by org.testng.reporters.JUnitReportReporter -->
<testsuite hostname="LAPTOP-EAAGB9S9" failures="0" tests="1" name="Adminrozana.Peerpartnerordrangechange" time="36.989" errors="0" timestamp="03 Feb 2024 16:04:26 GMT" skipped="0">
  <testcase classname="Adminrozana.Peerpartnerordrangechange" name="peerpartnerordrangechange" time="36.989"/>
</testsuite> <!-- Adminrozana.Peerpartnerordrangechange -->
