<?xml version="1.0" encoding="UTF-8"?>
<!-- Generated by org.testng.reporters.JUnitReportReporter -->
<testsuite hostname="LAPTOP-EAAGB9S9" failures="0" tests="1" name="Adminrozana.Productstockchange" time="56.098" errors="0" timestamp="23 Feb 2024 17:08:50 GMT" skipped="0">
  <testcase classname="Adminrozana.Productstockchange" name="productstockchange" time="56.098"/>
</testsuite> <!-- Adminrozana.Productstockchange -->
