<?xml version="1.0" encoding="UTF-8"?>
<!-- Generated by org.testng.reporters.JUnitReportReporter -->
<testsuite hostname="LAPTOP-EAAGB9S9" failures="0" tests="1" name="Adminrozana.CancelIncreasedStockReport" time="76.502" errors="0" timestamp="2024-12-25T17:39:17 IST" skipped="0">
  <testcase classname="Adminrozana.CancelIncreasedStockReport" name="cancelIncreasedStockReport" time="76.502"/>
  <system-out/>
</testsuite> <!-- Adminrozana.CancelIncreasedStockReport -->
