<?xml version="1.0" encoding="UTF-8"?>
<!-- Generated by org.testng.reporters.JUnitReportReporter -->
<testsuite hostname="LAPTOP-EAAGB9S9" failures="0" tests="1" name="Adminrozana.LoginAndLogout" time="34.251" errors="0" timestamp="26 Jan 2024 14:20:35 GMT" skipped="0">
  <testcase classname="Adminrozana.LoginAndLogout" name="loginandlogout" time="34.251"/>
</testsuite> <!-- Adminrozana.LoginAndLogout -->
