<?xml version="1.0" encoding="UTF-8"?>
<!-- Generated by org.testng.reporters.JUnitReportReporter -->
<testsuite hostname="LAPTOP-EAAGB9S9" failures="0" tests="1" name="Adminrozana.Notificationseen" time="40.607" errors="0" timestamp="20 Feb 2024 11:31:23 GMT" skipped="0">
  <testcase classname="Adminrozana.Notificationseen" name="callmeback1" time="40.607"/>
</testsuite> <!-- Adminrozana.Notificationseen -->
