<?xml version="1.0" encoding="UTF-8"?>
<!-- Generated by org.testng.reporters.JUnitReportReporter -->
<testsuite hostname="LAPTOP-EAAGB9S9" failures="0" tests="1" name="Adminrozana.Outofstockproductlog" time="139.397" errors="0" timestamp="2024-11-19T14:17:29 IST" skipped="0">
  <testcase classname="Adminrozana.Outofstockproductlog" name="outofstockproductlog" time="139.397"/>
  <system-out/>
</testsuite> <!-- Adminrozana.Outofstockproductlog -->
