<?xml version="1.0" encoding="UTF-8"?>
<!-- Generated by org.testng.reporters.JUnitReportReporter -->
<testsuite hostname="LAPTOP-EAAGB9S9" failures="0" tests="1" name="Adminrozana.Orderstatus" time="37.109" errors="0" timestamp="23 Feb 2024 10:30:43 GMT" skipped="0">
  <testcase classname="Adminrozana.Orderstatus" name="orderstatus" time="37.109"/>
</testsuite> <!-- Adminrozana.Orderstatus -->
