<?xml version="1.0" encoding="UTF-8"?>
<!-- Generated by org.testng.reporters.JUnitReportReporter -->
<testsuite hostname="LAPTOP-EAAGB9S9" failures="0" tests="1" name="Adminrozana.ApproveorDisapprove" time="61.517" errors="0" timestamp="23 Feb 2024 15:32:37 GMT" skipped="0">
  <testcase classname="Adminrozana.ApproveorDisapprove" name="approveorDisapprove" time="61.517"/>
</testsuite> <!-- Adminrozana.ApproveorDisapprove -->
