<?xml version="1.0" encoding="UTF-8"?>
<!-- Generated by org.testng.reporters.JUnitReportReporter -->
<testsuite hostname="LAPTOP-EAAGB9S9" failures="0" tests="1" name="Adminrozana.Stockinventoryupdatelist" time="53.193" errors="0" timestamp="2024-11-19T14:13:31 IST" skipped="0">
  <testcase classname="Adminrozana.Stockinventoryupdatelist" name="stockinventoryupdatelist" time="53.193"/>
  <system-out/>
</testsuite> <!-- Adminrozana.Stockinventoryupdatelist -->
