<?xml version="1.0" encoding="UTF-8"?>
<!-- Generated by org.testng.reporters.JUnitReportReporter -->
<testsuite hostname="LAPTOP-EAAGB9S9" failures="0" tests="1" name="Adminrozana.Blocks" time="40.427" errors="0" timestamp="27 Jan 2024 14:17:41 GMT" skipped="0">
  <testcase classname="Adminrozana.Blocks" name="blocks" time="40.427"/>
</testsuite> <!-- Adminrozana.Blocks -->
