<?xml version="1.0" encoding="UTF-8"?>
<!-- Generated by org.testng.reporters.JUnitReportReporter -->
<testsuite hostname="LAPTOP-EAAGB9S9" failures="0" tests="1" name="Adminrozana.Attributeactionedit" time="38.690" errors="0" timestamp="23 Jan 2024 13:20:42 GMT" skipped="0">
  <testcase classname="Adminrozana.Attributeactionedit" name="dashboard" time="38.690"/>
</testsuite> <!-- Adminrozana.Attributeactionedit -->
