<?xml version="1.0" encoding="UTF-8"?>
<!-- Generated by org.testng.reporters.JUnitReportReporter -->
<testsuite hostname="LAPTOP-EAAGB9S9" failures="0" tests="1" name="Adminrozana.Customersappdownloadsreports" time="52.130" errors="0" timestamp="15 Feb 2024 16:04:52 GMT" skipped="0">
  <testcase classname="Adminrozana.Customersappdownloadsreports" name="peerappdownloadsreports" time="52.130"/>
</testsuite> <!-- Adminrozana.Customersappdownloadsreports -->
