<?xml version="1.0" encoding="UTF-8"?>
<!-- Generated by org.testng.reporters.JUnitReportReporter -->
<testsuite hostname="LAPTOP-EAAGB9S9" failures="0" tests="1" name="Adminrozana.Skudemandlevellog" time="57.347" errors="0" timestamp="2024-11-19T14:14:50 IST" skipped="0">
  <testcase classname="Adminrozana.Skudemandlevellog" name="outofstockproductlog" time="57.347"/>
  <system-out/>
</testsuite> <!-- Adminrozana.Skudemandlevellog -->
