<?xml version="1.0" encoding="UTF-8"?>
<!-- Generated by org.testng.reporters.JUnitReportReporter -->
<testsuite hostname="LAPTOP-EAAGB9S9" failures="0" tests="1" name="Adminrozana.Staffs" time="41.402" errors="0" timestamp="16 Feb 2024 11:18:57 GMT" skipped="0">
  <testcase classname="Adminrozana.Staffs" name="createsubadminusers" time="41.402"/>
</testsuite> <!-- Adminrozana.Staffs -->
