<?xml version="1.0" encoding="UTF-8"?>
<!-- Generated by org.testng.reporters.JUnitReportReporter -->
<testsuite hostname="LAPTOP-EAAGB9S9" failures="0" tests="1" name="Adminrozana.Returnverificationrequest" time="75.385" errors="0" timestamp="17 Feb 2024 13:52:55 GMT" skipped="0">
  <testcase classname="Adminrozana.Returnverificationrequest" name="postdeliverycomplaintandquery" time="75.385"/>
</testsuite> <!-- Adminrozana.Returnverificationrequest -->
