<?xml version="1.0" encoding="UTF-8"?>
<!-- Generated by org.testng.reporters.JUnitReportReporter -->
<testsuite hostname="LAPTOP-EAAGB9S9" failures="0" tests="1" name="Adminrozana.Peerpartnersreports" time="55.927" errors="0" timestamp="2024-11-19T14:40:00 IST" skipped="0">
  <testcase classname="Adminrozana.Peerpartnersreports" name="peerpartnersreports" time="55.927"/>
  <system-out/>
</testsuite> <!-- Adminrozana.Peerpartnersreports -->
