<?xml version="1.0" encoding="UTF-8"?>
<!-- Generated by org.testng.reporters.JUnitReportReporter -->
<testsuite hostname="LAPTOP-EAAGB9S9" failures="0" tests="1" name="Adminrozana.Fieldofficerattendance" time="56.350" errors="0" timestamp="2024-11-19T14:19:51 IST" skipped="0">
  <testcase classname="Adminrozana.Fieldofficerattendance" name="fieldofficerattendance" time="56.350"/>
  <system-out/>
</testsuite> <!-- Adminrozana.Fieldofficerattendance -->
