<?xml version="1.0" encoding="UTF-8"?>
<!-- Generated by org.testng.reporters.JUnitReportReporter -->
<testsuite hostname="LAPTOP-EAAGB9S9" failures="0" tests="1" name="Adminrozana.Mappingproduct" time="37.986" errors="0" timestamp="24 Jan 2024 09:57:57 GMT" skipped="0">
  <testcase classname="Adminrozana.Mappingproduct" name="mappingproduct" time="37.986"/>
</testsuite> <!-- Adminrozana.Mappingproduct -->
