<?xml version="1.0" encoding="UTF-8"?>
<!-- Generated by org.testng.reporters.JUnitReportReporter -->
<testsuite hostname="LAPTOP-EAAGB9S9" failures="0" tests="1" name="Adminrozana.Callerdeskbulkupload" time="39.914" errors="0" timestamp="20 Feb 2024 08:55:09 GMT" skipped="0">
  <testcase classname="Adminrozana.Callerdeskbulkupload" name="customerhelpdesk" time="39.914"/>
</testsuite> <!-- Adminrozana.Callerdeskbulkupload -->
