<?xml version="1.0" encoding="UTF-8"?>
<!-- Generated by org.testng.reporters.JUnitReportReporter -->
<testsuite hostname="LAPTOP-EAAGB9S9" failures="0" tests="1" name="Adminrozana.Bestsellingproducts" time="21.560" errors="0" timestamp="24 Jan 2024 11:44:25 GMT" skipped="0">
  <testcase classname="Adminrozana.Bestsellingproducts" name="Bestsellingproducts" time="21.560"/>
</testsuite> <!-- Adminrozana.Bestsellingproducts -->
