<?xml version="1.0" encoding="UTF-8"?>
<!-- Generated by org.testng.reporters.JUnitReportReporter -->
<testsuite hostname="LAPTOP-EAAGB9S9" failures="0" tests="1" name="Adminrozana.Createsubadminuserdeletepos" time="61.252" errors="0" timestamp="2025-01-13T16:16:32 IST" skipped="0">
  <testcase classname="Adminrozana.Createsubadminuserdeletepos" name="createsubadminusereditpos" time="61.252"/>
  <system-out/>
</testsuite> <!-- Adminrozana.Createsubadminuserdeletepos -->
