<?xml version="1.0" encoding="UTF-8"?>
<!-- Generated by org.testng.reporters.JUnitReportReporter -->
<testsuite hostname="LAPTOP-EAAGB9S9" failures="0" tests="1" name="Adminrozana.Customershelpdesk" time="44.613" errors="0" timestamp="19 Feb 2024 11:42:51 GMT" skipped="0">
  <testcase classname="Adminrozana.Customershelpdesk" name="pushnotification" time="44.613"/>
</testsuite> <!-- Adminrozana.Customershelpdesk -->
