<?xml version="1.0" encoding="UTF-8"?>
<!-- Generated by org.testng.reporters.JUnitReportReporter -->
<testsuite hostname="LAPTOP-EAAGB9S9" failures="0" tests="1" name="Adminrozana.Calllogs" time="42.297" errors="0" timestamp="20 Feb 2024 09:36:21 GMT" skipped="0">
  <testcase classname="Adminrozana.Calllogs" name="customerhelpdesk" time="42.297"/>
</testsuite> <!-- Adminrozana.Calllogs -->
