<?xml version="1.0" encoding="UTF-8"?>
<!-- Generated by org.testng.reporters.JUnitReportReporter -->
<testsuite hostname="LAPTOP-EAAGB9S9" failures="0" tests="1" name="Adminrozana.Paymentstatus" time="52.654" errors="0" timestamp="23 Feb 2024 11:25:17 GMT" skipped="0">
  <testcase classname="Adminrozana.Paymentstatus" name="paymentstatus" time="52.654"/>
</testsuite> <!-- Adminrozana.Paymentstatus -->
