<?xml version="1.0" encoding="UTF-8"?>
<!-- Generated by org.testng.reporters.JUnitReportReporter -->
<testsuite hostname="LAPTOP-EAAGB9S9" failures="0" tests="1" name="Adminrozana.Managepeerpartners" time="70.333" errors="0" timestamp="02 Feb 2024 06:14:40 GMT" skipped="0">
  <testcase classname="Adminrozana.Managepeerpartners" name="managedistributors" time="70.333"/>
</testsuite> <!-- Adminrozana.Managepeerpartners -->
