<?xml version="1.0" encoding="UTF-8"?>
<!-- Generated by org.testng.reporters.JUnitReportReporter -->
<testsuite hostname="LAPTOP-EAAGB9S9" failures="0" tests="1" name="Adminrozana.Orderfunnelreport" time="28.417" errors="0" timestamp="15 Feb 2024 17:42:58 GMT" skipped="0">
  <testcase classname="Adminrozana.Orderfunnelreport" name="orderfunnelreport" time="28.417"/>
</testsuite> <!-- Adminrozana.Orderfunnelreport -->
