<?xml version="1.0" encoding="UTF-8"?>
<!-- Generated by org.testng.reporters.JUnitReportReporter -->
<testsuite hostname="LAPTOP-EAAGB9S9" failures="0" tests="1" name="Adminrozana.Ordercancelledbyadmin" time="57.569" errors="0" timestamp="23 Feb 2024 12:16:09 GMT" skipped="0">
  <testcase classname="Adminrozana.Ordercancelledbyadmin" name="ordercancelledbyadmin" time="57.569"/>
</testsuite> <!-- Adminrozana.Ordercancelledbyadmin -->
