<?xml version="1.0" encoding="UTF-8"?>
<!-- Generated by org.testng.reporters.JUnitReportReporter -->
<testsuite hostname="LAPTOP-EAAGB9S9" failures="0" tests="1" name="Adminrozana.Postdeliverycomplaintandquery" time="48.275" errors="0" timestamp="17 Feb 2024 13:37:14 GMT" skipped="0">
  <testcase classname="Adminrozana.Postdeliverycomplaintandquery" name="postdeliverycomplaintandquery" time="48.275"/>
</testsuite> <!-- Adminrozana.Postdeliverycomplaintandquery -->
