<?xml version="1.0" encoding="UTF-8"?>
<!-- Generated by org.testng.reporters.JUnitReportReporter -->
<testsuite hostname="LAPTOP-EAAGB9S9" failures="0" tests="1" name="Adminrozana.Stockoneinvoicereport" time="54.915" errors="0" timestamp="14 Feb 2024 12:08:36 GMT" skipped="0">
  <testcase classname="Adminrozana.Stockoneinvoicereport" name="stockoneinvoicereport" time="54.915"/>
</testsuite> <!-- Adminrozana.Stockoneinvoicereport -->
