<?xml version="1.0" encoding="UTF-8"?>
<!-- Generated by org.testng.reporters.JUnitReportReporter -->
<testsuite hostname="LAPTOP-EAAGB9S9" failures="0" tests="1" name="Adminrozana.Managesortinghub" time="39.746" errors="0" timestamp="27 Jan 2024 08:21:18 GMT" skipped="0">
  <testcase classname="Adminrozana.Managesortinghub" name="managesortinghub" time="39.746"/>
</testsuite> <!-- Adminrozana.Managesortinghub -->
