<?xml version="1.0" encoding="UTF-8"?>
<!-- Generated by org.testng.reporters.JUnitReportReporter -->
<testsuite hostname="LAPTOP-EAAGB9S9" failures="0" tests="1" name="Adminrozana.Callverficationreports" time="180.390" errors="0" timestamp="15 Feb 2024 10:35:07 GMT" skipped="0">
  <testcase classname="Adminrozana.Callverficationreports" name="logsreports" time="180.390"/>
</testsuite> <!-- Adminrozana.Callverficationreports -->
