<?xml version="1.0" encoding="UTF-8"?>
<!-- Generated by org.testng.reporters.JUnitReportReporter -->
<testsuite hostname="LAPTOP-EAAGB9S9" failures="0" tests="1" name="Adminrozana.Productwishlist" time="48.129" errors="0" timestamp="2024-11-19T14:23:29 IST" skipped="0">
  <testcase classname="Adminrozana.Productwishlist" name="inhousesalereport" time="48.129"/>
  <system-out/>
</testsuite> <!-- Adminrozana.Productwishlist -->
