<?xml version="1.0" encoding="UTF-8"?>
<!-- Generated by org.testng.reporters.JUnitReportReporter -->
<testsuite hostname="LAPTOP-EAAGB9S9" failures="0" tests="1" name="Adminrozana.Notifyme" time="38.531" errors="0" timestamp="20 Feb 2024 09:51:05 GMT" skipped="0">
  <testcase classname="Adminrozana.Notifyme" name="customerhelpdesk" time="38.531"/>
</testsuite> <!-- Adminrozana.Notifyme -->
