<?xml version="1.0" encoding="UTF-8"?>
<!-- Generated by org.testng.reporters.JUnitReportReporter -->
<testsuite hostname="LAPTOP-EAAGB9S9" failures="0" tests="1" name="Adminrozana.DedicatedPeer" time="161.706" errors="0" timestamp="2024-09-14T19:23:19 IST" skipped="0">
  <testcase classname="Adminrozana.DedicatedPeer" name="panchayat" time="161.706"/>
  <system-out/>
</testsuite> <!-- Adminrozana.DedicatedPeer -->
