<?xml version="1.0" encoding="UTF-8"?>
<!-- Generated by org.testng.reporters.JUnitReportReporter -->
<testsuite hostname="LAPTOP-EAAGB9S9" failures="0" tests="1" name="Adminrozana.Refundlist" time="27.638" errors="0" timestamp="10 Feb 2024 09:33:27 GMT" skipped="0">
  <testcase classname="Adminrozana.Refundlist" name="refundlist" time="27.638"/>
</testsuite> <!-- Adminrozana.Refundlist -->
